2024-09-30 18:16:03,018 - INFO - Starting the application...
2024-09-30 18:17:07,237 - INFO - Extracting links from: https://www.yebigun1.mil.kr/dmobis/index_main.do
2024-09-30 18:17:07,267 - INFO - Found 108 raw links
2024-09-30 18:17:07,275 - INFO - Checking link: https://www.yebigun1.mil.kr/dmobis/index_main.do#contents
2024-09-30 18:17:07,281 - INFO - Checking link: https://www.yebigun1.mil.kr/dmobis/uat/uia/LoginUsr.do
2024-09-30 18:17:07,285 - INFO - Checking link: https://www.yebigun1.mil.kr/dmobis/rfh/rgt/info/certificateCenter01.jsp
2024-09-30 18:17:07,291 - INFO - Checking link: https://www.yebigun1.mil.kr/dmobis/rfh/rgt/sitemap/sitemap.jsp
2024-09-30 18:17:07,295 - INFO - Checking link: https://www.yebigun1.mil.kr/dmobis/rfh/rrm/reserveforce/ReserveForceForm.do
2024-09-30 18:17:07,299 - INFO - Checking link: https://www.yebigun1.mil.kr/index.do
2024-09-30 18:17:07,305 - INFO - Checking link: https://www.yebigun1.mil.kr/dmobis/rfh/rgt/edutrasubjpsn/IvdTraScheDetail.do
2024-09-30 18:17:07,310 - INFO - Checking link: https://www.yebigun1.mil.kr/dmobis/rfh/rgt/edutrasubjpsn/IvdTraScheDetail.do
2024-09-30 18:17:07,315 - INFO - Checking link: https://www.yebigun1.mil.kr/dmobis/rfh/mpt/mypubannoun/MyPubAnnounList.do
2024-09-30 18:17:07,324 - INFO - Checking link: https://www.yebigun1.mil.kr/dmobis/rfh/rrm/reserveforce/ReserveForceForm.do
2024-09-30 18:17:07,330 - INFO - Checking link: https://www.yebigun1.mil.kr/dmobis/rfh/rrm/reserveforce/ReserveForcePrzdcr.do
2024-09-30 18:17:07,339 - INFO - Checking link: https://www.yebigun1.mil.kr/dmobis/rfh/rgt/edutrasubjpsn/wholecountrytraining.jsp
2024-09-30 18:17:07,346 - INFO - Checking link: https://www.yebigun1.mil.kr/dmobis/rfh/rgt/edutrasubjpsn/trainingschselect.jsp
2024-09-30 18:17:07,355 - INFO - Checking link: https://www.yebigun1.mil.kr/dmobis/rft/rgt/edutrasubjpsn/IvdTraScheInsertForm.do
2024-09-30 18:17:07,367 - INFO - Checking link: https://www.yebigun1.mil.kr/dmobis/rfh/rgt/edutrasubjpsn/wholecountrytraining.jsp
2024-09-30 18:17:07,376 - INFO - Checking link: https://www.yebigun1.mil.kr/dmobis/rfh/rgt/edutrasubjpsn/NationalUnitResevForcesTraApplForm.do
2024-09-30 18:17:07,381 - INFO - Checking link: https://www.yebigun1.mil.kr/dmobis/rfh/rgt/edutrasubjpsn/HolidayResevForcesTraApplForm.do
2024-09-30 18:17:07,392 - INFO - Checking link: https://www.yebigun1.mil.kr/dmobis/rfh/rgt/edutrasubjpsn/NationalUnitResevForcesTraRltList.do
2024-09-30 18:17:07,399 - INFO - Checking link: https://www.yebigun1.mil.kr/dmobis/rfh/rgt/typetradelay/delaytraining.jsp
2024-09-30 18:17:07,408 - INFO - Checking link: https://www.yebigun1.mil.kr/dmobis/rfh/rgt/typetradelay/delaytraining.jsp
2024-09-30 18:17:07,414 - INFO - Checking link: https://www.yebigun1.mil.kr/dmobis/rft/rgt/ivdTraDelayApplInForm.do
2024-09-30 18:17:07,423 - INFO - Checking link: https://www.yebigun1.mil.kr/dmobis/rft/rgt/ivdTraDelayApplRltList.do
2024-09-30 18:17:07,429 - INFO - Checking link: https://www.yebigun1.mil.kr/dmobis/rfh/rrm/holdpsn/reservetraining.jsp
2024-09-30 18:17:07,437 - INFO - Checking link: https://www.yebigun1.mil.kr/dmobis/rfh/rrm/holdpsn/reservetraining.jsp
2024-09-30 18:17:07,447 - INFO - Checking link: https://www.yebigun1.mil.kr/dmobis/rfh/rrm/holdpsn/HoldPsnReqForm.do
2024-09-30 18:17:07,459 - INFO - Checking link: https://www.yebigun1.mil.kr/dmobis/rfh/rrm/holdpsn/reservetraining2.jsp
2024-09-30 18:17:07,468 - INFO - Checking link: https://www.yebigun1.mil.kr/dmobis/rfh/rrm/holdpsn/HoldPsnCancelReqForm.do
2024-09-30 18:17:07,474 - INFO - Checking link: https://www.yebigun1.mil.kr/dmobis/rfh/rrm/holdpsn/HoldPsnReqRsltList.do
2024-09-30 18:17:07,487 - INFO - Checking link: https://www.yebigun1.mil.kr/dmobis/rfh/rgt/info/01_01_history.jsp
2024-09-30 18:17:07,495 - INFO - Checking link: https://www.yebigun1.mil.kr/dmobis/rfh/rgt/info/01_01_history.jsp
2024-09-30 18:17:07,507 - INFO - Checking link: https://www.yebigun1.mil.kr/dmobis/rfh/rgt/info/03_06_prtmsvc.jsp
2024-09-30 18:17:07,513 - INFO - Checking link: https://www.yebigun1.mil.kr/dmobis/rfh/rgt/info/04_01_legislation.jsp
2024-09-30 18:17:07,520 - INFO - Checking link: https://www.yebigun1.mil.kr/dmobis/cop/bbs/selectBoardList.do?bbsId=BBSMSTR_000000000001
2024-09-30 18:17:07,529 - INFO - Checking link: https://www.yebigun1.mil.kr/dmobis/cop/bbs/selectBoardList.do?bbsId=BBSMSTR_000000000001
2024-09-30 18:17:07,534 - INFO - Checking link: https://www.yebigun1.mil.kr/dmobis/cop/bbs/selectBoardList.do?bbsId=BBSMSTR_000000000002
2024-09-30 18:17:07,541 - INFO - Checking link: https://www.yebigun1.mil.kr/dmobis/cop/bbs/selectBoardList.do?bbsId=BBSMSTR_000000000003
2024-09-30 18:17:07,547 - INFO - Checking link: https://www.yebigun1.mil.kr/dmobis/rfh/rgt/library/02_question.jsp
2024-09-30 18:17:07,558 - INFO - Checking link: https://www.yebigun1.mil.kr/dmobis/uss/olp/qnn/EgovQustnrRespondInfoManageListUser.do
2024-09-30 18:17:07,564 - INFO - Checking link: https://www.yebigun1.mil.kr/dmobis/rfh/rgt/info/selectionGuide.jsp
2024-09-30 18:17:07,574 - INFO - Checking link: https://www.yebigun1.mil.kr/dmobis/popup/RfTraCenterGuidListPopup.do
2024-09-30 18:17:07,581 - INFO - Checking link: https://www.yebigun1.mil.kr/dmobis/popup/RfTraCenterGuidListPopup.do
2024-09-30 18:17:07,588 - INFO - Checking link: https://www.yebigun1.mil.kr/dmobis/rfh/mpt/mytroopfind/listAdminAddr.do
2024-09-30 18:17:07,598 - INFO - Checking link: https://www.yebigun1.mil.kr/dmobis/rfh/rgt/edutrasubjpsn/IvdTraScheDetail.do
2024-09-30 18:17:07,606 - INFO - Checking link: https://www.yebigun1.mil.kr/dmobis/rfh/mpt/mypubannoun/MyPubAnnounList.do
2024-09-30 18:17:07,613 - INFO - Checking link: https://www.yebigun1.mil.kr/dmobis/rfh/mpt/myquestans/MyQuestAnsList.do
2024-09-30 18:17:07,622 - INFO - Checking link: https://www.yebigun1.mil.kr/dmobis/rfh/rrm/reserveforce/ReserveForceForm.do
2024-09-30 18:17:07,631 - INFO - Checking link: https://www.yebigun1.mil.kr/dmobis/rfh/rrm/reserveforce/ReserveForcePrzdcr.do
2024-09-30 18:17:07,637 - INFO - Checking link: https://www.yebigun1.mil.kr/dmobis/rft/rgt/edutrasubjpsn/IvdTraScheInsertForm.do
2024-09-30 18:17:07,646 - INFO - Checking link: https://www.yebigun1.mil.kr/dmobis/rfh/rgt/edutrasubjpsn/NationalUnitResevForcesTraApplForm.do
2024-09-30 18:17:07,654 - INFO - Checking link: https://www.yebigun1.mil.kr/dmobis/rfh/rgt/edutrasubjpsn/HolidayResevForcesTraApplForm.do
2024-09-30 18:17:07,661 - INFO - Checking link: https://www.yebigun1.mil.kr/dmobis/rft/rgt/ivdTraDelayApplInForm.do
2024-09-30 18:17:07,670 - INFO - Checking link: https://www.yebigun1.mil.kr/dmobis/rfh/rrm/holdpsn/reservetraining.jsp
2024-09-30 18:17:07,676 - INFO - Checking link: https://www.yebigun1.mil.kr/dmobis/rfh/rgt/edutrasubjpsn/NationalUnitResevForcesTraRltList.do
2024-09-30 18:17:07,684 - INFO - Checking link: https://www.yebigun1.mil.kr/dmobis/rfh/rgt/edutrasubjpsn/IvdTraScheDetail.do
2024-09-30 18:17:07,692 - INFO - Checking link: https://www.yebigun1.mil.kr/dmobis/rfh/rgt/edutrasubjpsn/IvdTraScheDetail.do
2024-09-30 18:17:07,698 - INFO - Checking link: https://www.yebigun1.mil.kr/dmobis/popup/RfTraCenterGuidListPopup.do
2024-09-30 18:17:07,707 - INFO - Checking link: https://www.yebigun1.mil.kr/dmobis/rfh/mpt/mytroopfind/listAdminAddr.do
2024-09-30 18:17:07,712 - INFO - Checking link: https://www.yebigun1.mil.kr/dmobis/uat/uia/LoginUsr.do
2024-09-30 18:17:07,724 - INFO - Checking link: https://www.yebigun1.mil.kr/dmobis/rft/rgt/edutrasubjpsn/IvdTraScheInsertForm.do
2024-09-30 18:17:07,731 - INFO - Checking link: https://www.yebigun1.mil.kr/dmobis/rfh/rgt/edutrasubjpsn/NationalUnitResevForcesTraApplForm.do
2024-09-30 18:17:07,743 - INFO - Checking link: https://www.yebigun1.mil.kr/dmobis/rfh/rgt/edutrasubjpsn/HolidayResevForcesTraApplForm.do
2024-09-30 18:17:07,749 - INFO - Checking link: https://www.yebigun1.mil.kr/dmobis/index_main.do#
2024-09-30 18:17:07,759 - INFO - Checking link: https://www.yebigun1.mil.kr/dmobis/rft/rgt/ivdTraDelayApplInForm.do
2024-09-30 18:17:07,765 - INFO - Checking link: https://www.yebigun1.mil.kr/dmobis/rfh/rrm/holdpsn/HoldPsnReqForm.do
2024-09-30 18:17:07,772 - INFO - Checking link: https://www.yebigun1.mil.kr/dmobis/rfh/rgt/edutrasubjpsn/NationalUnitResevForcesTraRltList.do
2024-09-30 18:17:07,783 - INFO - Checking link: https://www.yebigun1.mil.kr/dmobis/popup/RfTraCenterGuidListPopup.do
2024-09-30 18:17:07,789 - INFO - Checking link: https://www.yebigun1.mil.kr/dmobis/rfh/mpt/mytroopfind/listAdminAddr.do
2024-09-30 18:17:07,801 - INFO - Checking link: https://www.yebigun1.mil.kr/dmobis/rfh/rgt/edutrasubjpsn/IvdTraScheDetail.do
2024-09-30 18:17:07,807 - INFO - Checking link: https://www.yebigun1.mil.kr/dmobis/rfh/rgt/info/04_05_legislation.jsp
2024-09-30 18:17:07,816 - INFO - Checking link: https://mnd.go.kr/mbshome/mbs/mnd/subview.jsp?id=mnd_030200000000
2024-09-30 18:17:07,816 - INFO - Link rejected: domain mismatch
2024-09-30 18:17:07,823 - INFO - Checking link: https://www.yebigun1.mil.kr/dmobis/index_main.do#none
2024-09-30 18:17:07,829 - INFO - Checking link: https://www.yebigun1.mil.kr/dmobis/index_main.do#none
2024-09-30 18:17:07,838 - INFO - Checking link: https://www.yebigun1.mil.kr/dmobis/index_main.do#none
2024-09-30 18:17:07,843 - INFO - Checking link: https://www.yebigun1.mil.kr/dmobis/cop/bbs/selectBoardArticle.do?bbsId=BBSMSTR_000000000002&nttId=2847
2024-09-30 18:17:07,856 - INFO - Checking link: https://www.yebigun1.mil.kr/dmobis/cop/bbs/selectBoardArticle.do?bbsId=BBSMSTR_000000000001&nttId=2468
2024-09-30 18:17:07,862 - INFO - Checking link: https://www.yebigun1.mil.kr/dmobis/cop/bbs/selectBoardArticle.do?bbsId=BBSMSTR_000000000002&nttId=2507
2024-09-30 18:17:07,869 - INFO - Checking link: http://www.mma.go.kr/
2024-09-30 18:17:07,869 - INFO - Link rejected: domain mismatch
2024-09-30 18:17:07,878 - INFO - Checking link: https://www.yebigun1.mil.kr/dmobis/index_main.do#NONE
2024-09-30 18:17:07,884 - INFO - Checking link: https://www.yebigun1.mil.kr/dmobis/index_main.do#NONE
2024-09-30 18:17:07,893 - INFO - Checking link: https://www.yebigun1.mil.kr/dmobis/index_main.do#NONE
2024-09-30 18:17:07,901 - INFO - Checking link: https://www.yebigun1.mil.kr/dmobis/index_main.do#NONE
2024-09-30 18:17:07,910 - INFO - Checking link: https://www.yebigun1.mil.kr/dmobis/index_main.do#NONE
2024-09-30 18:17:07,917 - INFO - Checking link: https://www.yebigun1.mil.kr/dmobis/cop/bbs/selectBoardList.do?bbsId=BBSMSTR_000000000001
2024-09-30 18:17:07,924 - INFO - Checking link: https://www.yebigun1.mil.kr/dmobis/rfh/rgt/library/02_question.jsp?faq_seq=1
2024-09-30 18:17:07,934 - INFO - Checking link: https://www.yebigun1.mil.kr/dmobis/rfh/rgt/library/02_question.jsp?faq_seq=2
2024-09-30 18:17:07,941 - INFO - Checking link: https://www.yebigun1.mil.kr/dmobis/rfh/rgt/library/02_question.jsp?faq_seq=3
2024-09-30 18:17:07,950 - INFO - Checking link: https://www.yebigun1.mil.kr/dmobis/rfh/rgt/library/02_question.jsp?faq_seq=4
2024-09-30 18:17:07,958 - INFO - Checking link: https://www.yebigun1.mil.kr/dmobis/rfh/rgt/library/02_question.jsp?faq_seq=5
2024-09-30 18:17:07,967 - INFO - Checking link: https://www.yebigun1.mil.kr/dmobis/rfh/rgt/library/02_question.jsp
2024-09-30 18:17:07,975 - INFO - Checking link: https://www.yebigun1.mil.kr/dmobis/index_main.do#NONE
2024-09-30 18:17:07,984 - INFO - Checking link: https://www.yebigun1.mil.kr/dmobis/rfh/rgt/info/PtsApplGuide.jsp
2024-09-30 18:17:07,992 - INFO - Checking link: https://www.yebigun1.mil.kr/dmobis/rfh/rgt/info/03_05_selection.jsp
2024-09-30 18:17:08,001 - INFO - Checking link: http://www.q-net.or.kr/crf006.do?id=crf00641&gSite=Q&gId=
2024-09-30 18:17:08,002 - INFO - Link rejected: domain mismatch
2024-09-30 18:17:08,010 - INFO - Checking link: https://www.yebigun1.mil.kr/dmobis/rfh/rgt/info/selectionGuide.jsp
2024-09-30 18:17:08,018 - INFO - Checking link: https://www.yebigun1.mil.kr/dmobis/popup/RfTraCenterGuidListPopup.do
2024-09-30 18:17:08,029 - INFO - Checking link: https://www.yebigun1.mil.kr/dmobis/rfh/rgt/info/03_08_treatment.jsp
2024-09-30 18:17:08,036 - INFO - Checking link: https://www.yebigun1.mil.kr/dmobis/rfh/rgt/info/03_04_promotion.jsp
2024-09-30 18:17:08,045 - INFO - Checking link: https://www.yebigun1.mil.kr/dmobis/rfh/mpt/mytroopfind/listAdminAddr.do
2024-09-30 18:17:08,053 - INFO - Checking link: https://www.yebigun1.mil.kr/dmobis/rfh/rgt/info/certificateGuide05.jsp
2024-09-30 18:17:08,063 - INFO - Checking link: http://www.mnd.go.kr/
2024-09-30 18:17:08,063 - INFO - Link rejected: domain mismatch
2024-09-30 18:17:08,069 - INFO - Checking link: http://www.mma.go.kr/
2024-09-30 18:17:08,070 - INFO - Link rejected: domain mismatch
2024-09-30 18:17:08,077 - INFO - Checking link: https://itunes.apple.com/kr/app/yebigun/id501320155
2024-09-30 18:17:08,078 - INFO - Link rejected: domain mismatch
2024-09-30 18:17:08,084 - INFO - Checking link: https://play.google.com/store/apps/details?id=com.yebigun4.ex
2024-09-30 18:17:08,085 - INFO - Link rejected: domain mismatch
2024-09-30 18:17:08,091 - INFO - Checking link: http://www.narasarang.or.kr/
2024-09-30 18:17:08,092 - INFO - Link rejected: domain mismatch
2024-09-30 18:17:08,103 - INFO - Checking link: https://www.yebigun1.mil.kr/dmobis/index_main.do#NONE
2024-09-30 18:17:08,109 - INFO - Checking link: https://www.yebigun1.mil.kr/dmobis/index_main.do#
2024-09-30 18:17:08,121 - INFO - Checking link: https://www.yebigun1.mil.kr/dmobis/index_main.do#
2024-09-30 18:17:08,127 - INFO - Checking link: https://www.yebigun1.mil.kr/dmobis/index_main.do#
2024-09-30 18:17:08,128 - INFO - Found 48 valid links
2024-09-30 18:17:08,128 - INFO - Collected 48 links from https://www.yebigun1.mil.kr/dmobis/index_main.do
2024-09-30 18:17:08,129 - INFO - All links collected: 48
2024-09-30 18:17:10,258 - INFO - process_link : https://www.yebigun1.mil.kr/dmobis/rfh/rgt/info/03_06_prtmsvc.jsp
2024-09-30 18:17:10,259 - ERROR - Error processing https://www.yebigun1.mil.kr/dmobis/rfh/rgt/info/03_06_prtmsvc.jsp: trafficSpider.crawling_items() missing 1 required positional argument: 'url'
2024-09-30 18:17:10,260 - INFO - process_link : https://www.yebigun1.mil.kr/dmobis/rfh/rrm/reserveforce/ReserveForceForm.do
2024-09-30 18:17:10,260 - ERROR - Error processing https://www.yebigun1.mil.kr/dmobis/rfh/rrm/reserveforce/ReserveForceForm.do: trafficSpider.crawling_items() missing 1 required positional argument: 'url'
2024-09-30 18:17:10,260 - INFO - process_link : https://www.yebigun1.mil.kr/dmobis/uat/uia/LoginUsr.do
2024-09-30 18:17:10,260 - ERROR - Error processing https://www.yebigun1.mil.kr/dmobis/uat/uia/LoginUsr.do: trafficSpider.crawling_items() missing 1 required positional argument: 'url'
2024-09-30 18:17:10,261 - INFO - process_link : https://www.yebigun1.mil.kr/dmobis/rfh/rgt/info/selectionGuide.jsp
2024-09-30 18:17:10,261 - ERROR - Error processing https://www.yebigun1.mil.kr/dmobis/rfh/rgt/info/selectionGuide.jsp: trafficSpider.crawling_items() missing 1 required positional argument: 'url'
2024-09-30 18:17:10,262 - INFO - process_link : https://www.yebigun1.mil.kr/dmobis/rfh/rgt/library/02_question.jsp
2024-09-30 18:17:10,262 - ERROR - Error processing https://www.yebigun1.mil.kr/dmobis/rfh/rgt/library/02_question.jsp: trafficSpider.crawling_items() missing 1 required positional argument: 'url'
2024-09-30 18:17:10,262 - INFO - process_link : https://www.yebigun1.mil.kr/dmobis/rfh/rgt/library/02_question.jsp?faq_seq=5
2024-09-30 18:17:10,262 - ERROR - Error processing https://www.yebigun1.mil.kr/dmobis/rfh/rgt/library/02_question.jsp?faq_seq=5: trafficSpider.crawling_items() missing 1 required positional argument: 'url'
2024-09-30 18:17:10,263 - INFO - process_link : https://www.yebigun1.mil.kr/dmobis/rfh/rrm/holdpsn/HoldPsnCancelReqForm.do
2024-09-30 18:17:10,263 - ERROR - Error processing https://www.yebigun1.mil.kr/dmobis/rfh/rrm/holdpsn/HoldPsnCancelReqForm.do: trafficSpider.crawling_items() missing 1 required positional argument: 'url'
2024-09-30 18:17:10,263 - INFO - process_link : https://www.yebigun1.mil.kr/dmobis/rfh/rgt/info/03_04_promotion.jsp
2024-09-30 18:17:10,264 - ERROR - Error processing https://www.yebigun1.mil.kr/dmobis/rfh/rgt/info/03_04_promotion.jsp: trafficSpider.crawling_items() missing 1 required positional argument: 'url'
2024-09-30 18:17:10,264 - INFO - process_link : https://www.yebigun1.mil.kr/dmobis/rfh/rgt/info/PtsApplGuide.jsp
2024-09-30 18:17:10,264 - ERROR - Error processing https://www.yebigun1.mil.kr/dmobis/rfh/rgt/info/PtsApplGuide.jsp: trafficSpider.crawling_items() missing 1 required positional argument: 'url'
2024-09-30 18:17:10,265 - INFO - process_link : https://www.yebigun1.mil.kr/dmobis/rfh/rgt/info/03_05_selection.jsp
2024-09-30 18:17:10,265 - ERROR - Error processing https://www.yebigun1.mil.kr/dmobis/rfh/rgt/info/03_05_selection.jsp: trafficSpider.crawling_items() missing 1 required positional argument: 'url'
2024-09-30 18:17:10,265 - INFO - process_link : https://www.yebigun1.mil.kr/dmobis/cop/bbs/selectBoardList.do?bbsId=BBSMSTR_000000000001
2024-09-30 18:17:10,265 - ERROR - Error processing https://www.yebigun1.mil.kr/dmobis/cop/bbs/selectBoardList.do?bbsId=BBSMSTR_000000000001: trafficSpider.crawling_items() missing 1 required positional argument: 'url'
2024-09-30 18:17:10,265 - INFO - process_link : https://www.yebigun1.mil.kr/dmobis/rfh/rgt/info/certificateCenter01.jsp
2024-09-30 18:17:10,266 - ERROR - Error processing https://www.yebigun1.mil.kr/dmobis/rfh/rgt/info/certificateCenter01.jsp: trafficSpider.crawling_items() missing 1 required positional argument: 'url'
2024-09-30 18:17:10,266 - INFO - process_link : https://www.yebigun1.mil.kr/dmobis/rfh/rrm/holdpsn/reservetraining2.jsp
2024-09-30 18:17:10,266 - ERROR - Error processing https://www.yebigun1.mil.kr/dmobis/rfh/rrm/holdpsn/reservetraining2.jsp: trafficSpider.crawling_items() missing 1 required positional argument: 'url'
2024-09-30 18:17:10,266 - INFO - process_link : https://www.yebigun1.mil.kr/dmobis/rfh/rgt/edutrasubjpsn/trainingschselect.jsp
2024-09-30 18:17:10,266 - ERROR - Error processing https://www.yebigun1.mil.kr/dmobis/rfh/rgt/edutrasubjpsn/trainingschselect.jsp: trafficSpider.crawling_items() missing 1 required positional argument: 'url'
2024-09-30 18:17:10,267 - INFO - process_link : https://www.yebigun1.mil.kr/dmobis/rfh/rgt/edutrasubjpsn/HolidayResevForcesTraApplForm.do
2024-09-30 18:17:10,267 - ERROR - Error processing https://www.yebigun1.mil.kr/dmobis/rfh/rgt/edutrasubjpsn/HolidayResevForcesTraApplForm.do: trafficSpider.crawling_items() missing 1 required positional argument: 'url'
2024-09-30 18:17:10,267 - INFO - process_link : https://www.yebigun1.mil.kr/dmobis/cop/bbs/selectBoardArticle.do?bbsId=BBSMSTR_000000000002&nttId=2847
2024-09-30 18:17:10,268 - ERROR - Error processing https://www.yebigun1.mil.kr/dmobis/cop/bbs/selectBoardArticle.do?bbsId=BBSMSTR_000000000002&nttId=2847: trafficSpider.crawling_items() missing 1 required positional argument: 'url'
2024-09-30 18:17:10,268 - INFO - process_link : https://www.yebigun1.mil.kr/dmobis/rfh/rgt/library/02_question.jsp?faq_seq=3
2024-09-30 18:17:10,268 - ERROR - Error processing https://www.yebigun1.mil.kr/dmobis/rfh/rgt/library/02_question.jsp?faq_seq=3: trafficSpider.crawling_items() missing 1 required positional argument: 'url'
2024-09-30 18:17:10,268 - INFO - process_link : https://www.yebigun1.mil.kr/dmobis/rfh/rrm/holdpsn/HoldPsnReqRsltList.do
2024-09-30 18:17:10,268 - ERROR - Error processing https://www.yebigun1.mil.kr/dmobis/rfh/rrm/holdpsn/HoldPsnReqRsltList.do: trafficSpider.crawling_items() missing 1 required positional argument: 'url'
2024-09-30 18:17:10,268 - INFO - process_link : https://www.yebigun1.mil.kr/dmobis/rft/rgt/ivdTraDelayApplInForm.do
2024-09-30 18:17:10,268 - ERROR - Error processing https://www.yebigun1.mil.kr/dmobis/rft/rgt/ivdTraDelayApplInForm.do: trafficSpider.crawling_items() missing 1 required positional argument: 'url'
2024-09-30 18:17:10,269 - INFO - process_link : https://www.yebigun1.mil.kr/dmobis/rfh/rgt/sitemap/sitemap.jsp
2024-09-30 18:17:10,269 - ERROR - Error processing https://www.yebigun1.mil.kr/dmobis/rfh/rgt/sitemap/sitemap.jsp: trafficSpider.crawling_items() missing 1 required positional argument: 'url'
2024-09-30 18:17:10,269 - INFO - process_link : https://www.yebigun1.mil.kr/dmobis/rfh/rgt/edutrasubjpsn/NationalUnitResevForcesTraRltList.do
2024-09-30 18:17:10,269 - ERROR - Error processing https://www.yebigun1.mil.kr/dmobis/rfh/rgt/edutrasubjpsn/NationalUnitResevForcesTraRltList.do: trafficSpider.crawling_items() missing 1 required positional argument: 'url'
2024-09-30 18:17:10,269 - INFO - process_link : https://www.yebigun1.mil.kr/dmobis/rfh/rgt/info/04_05_legislation.jsp
2024-09-30 18:17:10,269 - ERROR - Error processing https://www.yebigun1.mil.kr/dmobis/rfh/rgt/info/04_05_legislation.jsp: trafficSpider.crawling_items() missing 1 required positional argument: 'url'
2024-09-30 18:17:10,270 - INFO - process_link : https://www.yebigun1.mil.kr/index.do
2024-09-30 18:17:10,270 - ERROR - Error processing https://www.yebigun1.mil.kr/index.do: trafficSpider.crawling_items() missing 1 required positional argument: 'url'
2024-09-30 18:17:10,270 - INFO - process_link : https://www.yebigun1.mil.kr/dmobis/rfh/rrm/holdpsn/HoldPsnReqForm.do
2024-09-30 18:17:10,270 - ERROR - Error processing https://www.yebigun1.mil.kr/dmobis/rfh/rrm/holdpsn/HoldPsnReqForm.do: trafficSpider.crawling_items() missing 1 required positional argument: 'url'
2024-09-30 18:17:10,270 - INFO - process_link : https://www.yebigun1.mil.kr/dmobis/rfh/mpt/mytroopfind/listAdminAddr.do
2024-09-30 18:17:10,270 - ERROR - Error processing https://www.yebigun1.mil.kr/dmobis/rfh/mpt/mytroopfind/listAdminAddr.do: trafficSpider.crawling_items() missing 1 required positional argument: 'url'
2024-09-30 18:17:10,270 - INFO - process_link : https://www.yebigun1.mil.kr/dmobis/rfh/rgt/info/01_01_history.jsp
2024-09-30 18:17:10,271 - ERROR - Error processing https://www.yebigun1.mil.kr/dmobis/rfh/rgt/info/01_01_history.jsp: trafficSpider.crawling_items() missing 1 required positional argument: 'url'
2024-09-30 18:17:10,271 - INFO - process_link : https://www.yebigun1.mil.kr/dmobis/rfh/rgt/info/03_08_treatment.jsp
2024-09-30 18:17:10,271 - ERROR - Error processing https://www.yebigun1.mil.kr/dmobis/rfh/rgt/info/03_08_treatment.jsp: trafficSpider.crawling_items() missing 1 required positional argument: 'url'
2024-09-30 18:17:10,271 - INFO - process_link : https://www.yebigun1.mil.kr/dmobis/rfh/rrm/reserveforce/ReserveForcePrzdcr.do
2024-09-30 18:17:10,271 - ERROR - Error processing https://www.yebigun1.mil.kr/dmobis/rfh/rrm/reserveforce/ReserveForcePrzdcr.do: trafficSpider.crawling_items() missing 1 required positional argument: 'url'
2024-09-30 18:17:10,271 - INFO - process_link : https://www.yebigun1.mil.kr/dmobis/rfh/rgt/edutrasubjpsn/NationalUnitResevForcesTraApplForm.do
2024-09-30 18:17:10,272 - ERROR - Error processing https://www.yebigun1.mil.kr/dmobis/rfh/rgt/edutrasubjpsn/NationalUnitResevForcesTraApplForm.do: trafficSpider.crawling_items() missing 1 required positional argument: 'url'
2024-09-30 18:17:10,272 - INFO - process_link : https://www.yebigun1.mil.kr/dmobis/cop/bbs/selectBoardList.do?bbsId=BBSMSTR_000000000002
2024-09-30 18:17:10,272 - ERROR - Error processing https://www.yebigun1.mil.kr/dmobis/cop/bbs/selectBoardList.do?bbsId=BBSMSTR_000000000002: trafficSpider.crawling_items() missing 1 required positional argument: 'url'
2024-09-30 18:17:10,272 - INFO - process_link : https://www.yebigun1.mil.kr/dmobis/cop/bbs/selectBoardArticle.do?bbsId=BBSMSTR_000000000002&nttId=2507
2024-09-30 18:17:10,272 - ERROR - Error processing https://www.yebigun1.mil.kr/dmobis/cop/bbs/selectBoardArticle.do?bbsId=BBSMSTR_000000000002&nttId=2507: trafficSpider.crawling_items() missing 1 required positional argument: 'url'
2024-09-30 18:17:10,272 - INFO - process_link : https://www.yebigun1.mil.kr/dmobis/rfh/mpt/myquestans/MyQuestAnsList.do
2024-09-30 18:17:10,272 - ERROR - Error processing https://www.yebigun1.mil.kr/dmobis/rfh/mpt/myquestans/MyQuestAnsList.do: trafficSpider.crawling_items() missing 1 required positional argument: 'url'
2024-09-30 18:17:10,273 - INFO - process_link : https://www.yebigun1.mil.kr/dmobis/rfh/rgt/info/04_01_legislation.jsp
2024-09-30 18:17:10,273 - ERROR - Error processing https://www.yebigun1.mil.kr/dmobis/rfh/rgt/info/04_01_legislation.jsp: trafficSpider.crawling_items() missing 1 required positional argument: 'url'
2024-09-30 18:17:10,273 - INFO - process_link : https://www.yebigun1.mil.kr/dmobis/rfh/rgt/typetradelay/delaytraining.jsp
2024-09-30 18:17:10,273 - ERROR - Error processing https://www.yebigun1.mil.kr/dmobis/rfh/rgt/typetradelay/delaytraining.jsp: trafficSpider.crawling_items() missing 1 required positional argument: 'url'
2024-09-30 18:17:10,273 - INFO - process_link : https://www.yebigun1.mil.kr/dmobis/popup/RfTraCenterGuidListPopup.do
2024-09-30 18:17:10,273 - ERROR - Error processing https://www.yebigun1.mil.kr/dmobis/popup/RfTraCenterGuidListPopup.do: trafficSpider.crawling_items() missing 1 required positional argument: 'url'
2024-09-30 18:17:10,273 - INFO - process_link : https://www.yebigun1.mil.kr/dmobis/rfh/rgt/library/02_question.jsp?faq_seq=2
2024-09-30 18:17:10,275 - ERROR - Error processing https://www.yebigun1.mil.kr/dmobis/rfh/rgt/library/02_question.jsp?faq_seq=2: trafficSpider.crawling_items() missing 1 required positional argument: 'url'
2024-09-30 18:17:10,275 - INFO - process_link : https://www.yebigun1.mil.kr/dmobis/cop/bbs/selectBoardArticle.do?bbsId=BBSMSTR_000000000001&nttId=2468
2024-09-30 18:17:10,275 - ERROR - Error processing https://www.yebigun1.mil.kr/dmobis/cop/bbs/selectBoardArticle.do?bbsId=BBSMSTR_000000000001&nttId=2468: trafficSpider.crawling_items() missing 1 required positional argument: 'url'
2024-09-30 18:17:10,275 - INFO - process_link : https://www.yebigun1.mil.kr/dmobis/rft/rgt/ivdTraDelayApplRltList.do
2024-09-30 18:17:10,276 - ERROR - Error processing https://www.yebigun1.mil.kr/dmobis/rft/rgt/ivdTraDelayApplRltList.do: trafficSpider.crawling_items() missing 1 required positional argument: 'url'
2024-09-30 18:17:10,276 - INFO - process_link : https://www.yebigun1.mil.kr/dmobis/rfh/rgt/library/02_question.jsp?faq_seq=1
2024-09-30 18:17:10,276 - ERROR - Error processing https://www.yebigun1.mil.kr/dmobis/rfh/rgt/library/02_question.jsp?faq_seq=1: trafficSpider.crawling_items() missing 1 required positional argument: 'url'
2024-09-30 18:17:10,276 - INFO - process_link : https://www.yebigun1.mil.kr/dmobis/uss/olp/qnn/EgovQustnrRespondInfoManageListUser.do
2024-09-30 18:17:10,276 - ERROR - Error processing https://www.yebigun1.mil.kr/dmobis/uss/olp/qnn/EgovQustnrRespondInfoManageListUser.do: trafficSpider.crawling_items() missing 1 required positional argument: 'url'
2024-09-30 18:17:10,277 - INFO - process_link : https://www.yebigun1.mil.kr/dmobis/cop/bbs/selectBoardList.do?bbsId=BBSMSTR_000000000003
2024-09-30 18:17:10,277 - ERROR - Error processing https://www.yebigun1.mil.kr/dmobis/cop/bbs/selectBoardList.do?bbsId=BBSMSTR_000000000003: trafficSpider.crawling_items() missing 1 required positional argument: 'url'
2024-09-30 18:17:10,277 - INFO - process_link : https://www.yebigun1.mil.kr/dmobis/rfh/mpt/mypubannoun/MyPubAnnounList.do
2024-09-30 18:17:10,277 - ERROR - Error processing https://www.yebigun1.mil.kr/dmobis/rfh/mpt/mypubannoun/MyPubAnnounList.do: trafficSpider.crawling_items() missing 1 required positional argument: 'url'
2024-09-30 18:17:10,277 - INFO - process_link : https://www.yebigun1.mil.kr/dmobis/rft/rgt/edutrasubjpsn/IvdTraScheInsertForm.do
2024-09-30 18:17:10,278 - ERROR - Error processing https://www.yebigun1.mil.kr/dmobis/rft/rgt/edutrasubjpsn/IvdTraScheInsertForm.do: trafficSpider.crawling_items() missing 1 required positional argument: 'url'
2024-09-30 18:17:10,278 - INFO - process_link : https://www.yebigun1.mil.kr/dmobis/rfh/rgt/edutrasubjpsn/wholecountrytraining.jsp
2024-09-30 18:17:10,278 - ERROR - Error processing https://www.yebigun1.mil.kr/dmobis/rfh/rgt/edutrasubjpsn/wholecountrytraining.jsp: trafficSpider.crawling_items() missing 1 required positional argument: 'url'
2024-09-30 18:17:10,279 - INFO - process_link : https://www.yebigun1.mil.kr/dmobis/rfh/rgt/library/02_question.jsp?faq_seq=4
2024-09-30 18:17:10,279 - ERROR - Error processing https://www.yebigun1.mil.kr/dmobis/rfh/rgt/library/02_question.jsp?faq_seq=4: trafficSpider.crawling_items() missing 1 required positional argument: 'url'
2024-09-30 18:17:10,279 - INFO - process_link : https://www.yebigun1.mil.kr/dmobis/rfh/rgt/info/certificateGuide05.jsp
2024-09-30 18:17:10,280 - ERROR - Error processing https://www.yebigun1.mil.kr/dmobis/rfh/rgt/info/certificateGuide05.jsp: trafficSpider.crawling_items() missing 1 required positional argument: 'url'
2024-09-30 18:17:10,280 - INFO - process_link : https://www.yebigun1.mil.kr/dmobis/rfh/rgt/edutrasubjpsn/IvdTraScheDetail.do
2024-09-30 18:17:10,280 - ERROR - Error processing https://www.yebigun1.mil.kr/dmobis/rfh/rgt/edutrasubjpsn/IvdTraScheDetail.do: trafficSpider.crawling_items() missing 1 required positional argument: 'url'
2024-09-30 18:17:10,280 - INFO - process_link : https://www.yebigun1.mil.kr/dmobis/rfh/rrm/holdpsn/reservetraining.jsp
2024-09-30 18:17:10,281 - ERROR - Error processing https://www.yebigun1.mil.kr/dmobis/rfh/rrm/holdpsn/reservetraining.jsp: trafficSpider.crawling_items() missing 1 required positional argument: 'url'
